-------------------------------------------------------------------------------
Test set: org.apache.commons.lang3.LocaleUtilsTest
-------------------------------------------------------------------------------
Tests run: 14, Failures: 0, Errors: 1, Skipped: 0, Time elapsed: 0.008 s <<< FAILURE! - in org.apache.commons.lang3.LocaleUtilsTest
testToLocale_3Part  Time elapsed: 0 s  <<< ERROR!
java.lang.NullPointerException
	at org.apache.commons.lang3.LocaleUtilsTest.testToLocale_3Part(LocaleUtilsTest.java:217)

