-------------------------------------------------------------------------------
Test set: org.apache.commons.lang3.text.ExtendedMessageFormatTest
-------------------------------------------------------------------------------
Tests run: 8, Failures: 0, Errors: 6, Skipped: 0, Time elapsed: 0.006 s <<< FAILURE! - in org.apache.commons.lang3.text.ExtendedMessageFormatTest
testBuiltInDateTimeFormat  Time elapsed: 0 s  <<< ERROR!
java.lang.NullPointerException
	at org.apache.commons.lang3.text.ExtendedMessageFormatTest.assertPatternsEqual(ExtendedMessageFormatTest.java:361)
	at org.apache.commons.lang3.text.ExtendedMessageFormatTest.checkBuiltInFormat(ExtendedMessageFormatTest.java:356)
	at org.apache.commons.lang3.text.ExtendedMessageFormatTest.checkBuiltInFormat(ExtendedMessageFormatTest.java:326)
	at org.apache.commons.lang3.text.ExtendedMessageFormatTest.checkBuiltInFormat(ExtendedMessageFormatTest.java:315)
	at org.apache.commons.lang3.text.ExtendedMessageFormatTest.testBuiltInDateTimeFormat(ExtendedMessageFormatTest.java:211)

testOverriddenBuiltinFormat  Time elapsed: 0 s  <<< ERROR!
java.lang.NullPointerException
	at org.apache.commons.lang3.text.ExtendedMessageFormatTest.assertPatternsEqual(ExtendedMessageFormatTest.java:361)
	at org.apache.commons.lang3.text.ExtendedMessageFormatTest.checkBuiltInFormat(ExtendedMessageFormatTest.java:356)
	at org.apache.commons.lang3.text.ExtendedMessageFormatTest.checkBuiltInFormat(ExtendedMessageFormatTest.java:326)
	at org.apache.commons.lang3.text.ExtendedMessageFormatTest.testOverriddenBuiltinFormat(ExtendedMessageFormatTest.java:234)

testBuiltInChoiceFormat  Time elapsed: 0 s  <<< ERROR!
java.lang.NullPointerException
	at org.apache.commons.lang3.text.ExtendedMessageFormatTest.assertPatternsEqual(ExtendedMessageFormatTest.java:361)
	at org.apache.commons.lang3.text.ExtendedMessageFormatTest.checkBuiltInFormat(ExtendedMessageFormatTest.java:356)
	at org.apache.commons.lang3.text.ExtendedMessageFormatTest.checkBuiltInFormat(ExtendedMessageFormatTest.java:326)
	at org.apache.commons.lang3.text.ExtendedMessageFormatTest.checkBuiltInFormat(ExtendedMessageFormatTest.java:315)
	at org.apache.commons.lang3.text.ExtendedMessageFormatTest.testBuiltInChoiceFormat(ExtendedMessageFormatTest.java:192)

testExtendedFormats  Time elapsed: 0 s  <<< ERROR!
java.lang.NullPointerException
	at org.apache.commons.lang3.text.ExtendedMessageFormatTest.assertPatternsEqual(ExtendedMessageFormatTest.java:361)
	at org.apache.commons.lang3.text.ExtendedMessageFormatTest.testExtendedFormats(ExtendedMessageFormatTest.java:64)

testExtendedAndBuiltInFormats  Time elapsed: 0.005 s  <<< ERROR!
java.lang.NullPointerException
	at org.apache.commons.lang3.text.ExtendedMessageFormatTest.assertPatternsEqual(ExtendedMessageFormatTest.java:361)
	at org.apache.commons.lang3.text.ExtendedMessageFormatTest.testExtendedAndBuiltInFormats(ExtendedMessageFormatTest.java:121)

testBuiltInNumberFormat  Time elapsed: 0.001 s  <<< ERROR!
java.lang.NullPointerException
	at org.apache.commons.lang3.text.ExtendedMessageFormatTest.assertPatternsEqual(ExtendedMessageFormatTest.java:361)
	at org.apache.commons.lang3.text.ExtendedMessageFormatTest.checkBuiltInFormat(ExtendedMessageFormatTest.java:356)
	at org.apache.commons.lang3.text.ExtendedMessageFormatTest.checkBuiltInFormat(ExtendedMessageFormatTest.java:326)
	at org.apache.commons.lang3.text.ExtendedMessageFormatTest.checkBuiltInFormat(ExtendedMessageFormatTest.java:315)
	at org.apache.commons.lang3.text.ExtendedMessageFormatTest.testBuiltInNumberFormat(ExtendedMessageFormatTest.java:258)

