-------------------------------------------------------------------------------
Test set: org.apache.commons.lang3.reflect.MethodUtilsTest
-------------------------------------------------------------------------------
Tests run: 13, Failures: 0, Errors: 1, Skipped: 0, Time elapsed: 0.001 s <<< FAILURE! - in org.apache.commons.lang3.reflect.MethodUtilsTest
testGetMatchingAccessibleMethod  Time elapsed: 0 s  <<< ERROR!
java.lang.NullPointerException
	at org.apache.commons.lang3.reflect.MethodUtilsTest.expectMatchingAccessibleMethodParameterTypes(MethodUtilsTest.java:382)
	at org.apache.commons.lang3.reflect.MethodUtilsTest.testGetMatchingAccessibleMethod(MethodUtilsTest.java:370)

