-------------------------------------------------------------------------------
Test set: org.apache.commons.lang3.builder.HashCodeBuilderAndEqualsBuilderTest
-------------------------------------------------------------------------------
Tests run: 4, Failures: 0, Errors: 2, Skipped: 0, Time elapsed: 0.006 s <<< FAILURE! - in org.apache.commons.lang3.builder.HashCodeBuilderAndEqualsBuilderTest
testIntegerWithTransients  Time elapsed: 0 s  <<< ERROR!
java.lang.reflect.InaccessibleObjectException: Unable to make field static final char[] java.lang.Integer.digits accessible: module java.base does not "opens java.lang" to unnamed module @61f8bee4
	at org.apache.commons.lang3.builder.HashCodeBuilderAndEqualsBuilderTest.assertEqualsAndHashCodeContract(HashCodeBuilderAndEqualsBuilderTest.java:85)
	at org.apache.commons.lang3.builder.HashCodeBuilderAndEqualsBuilderTest.testInteger(HashCodeBuilderAndEqualsBuilderTest.java:37)
	at org.apache.commons.lang3.builder.HashCodeBuilderAndEqualsBuilderTest.testIntegerWithTransients(HashCodeBuilderAndEqualsBuilderTest.java:47)

testInteger  Time elapsed: 0.001 s  <<< ERROR!
java.lang.reflect.InaccessibleObjectException: Unable to make field static final char[] java.lang.Integer.digits accessible: module java.base does not "opens java.lang" to unnamed module @61f8bee4
	at org.apache.commons.lang3.builder.HashCodeBuilderAndEqualsBuilderTest.assertEqualsAndHashCodeContract(HashCodeBuilderAndEqualsBuilderTest.java:85)
	at org.apache.commons.lang3.builder.HashCodeBuilderAndEqualsBuilderTest.testInteger(HashCodeBuilderAndEqualsBuilderTest.java:37)
	at org.apache.commons.lang3.builder.HashCodeBuilderAndEqualsBuilderTest.testInteger(HashCodeBuilderAndEqualsBuilderTest.java:42)

