-------------------------------------------------------------------------------
Test set: org.apache.commons.lang3.SystemUtilsTest
-------------------------------------------------------------------------------
Tests run: 11, Failures: 0, Errors: 1, Skipped: 0, Time elapsed: 0 s <<< FAILURE! - in org.apache.commons.lang3.SystemUtilsTest
testJavaAwtHeadless  Time elapsed: 0 s  <<< ERROR!
java.lang.NullPointerException
	at org.apache.commons.lang3.SystemUtilsTest.testJavaAwtHeadless(SystemUtilsTest.java:359)

