-------------------------------------------------------------------------------
Test set: org.apache.commons.lang3.builder.CompareToBuilderTest
-------------------------------------------------------------------------------
Tests run: 48, Failures: 0, Errors: 3, Skipped: 0, Time elapsed: 0.019 s <<< FAILURE! - in org.apache.commons.lang3.builder.CompareToBuilderTest
testReflectionHierarchyCompareExcludeFields  Time elapsed: 0.011 s  <<< ERROR!
java.lang.reflect.InaccessibleObjectException: Unable to make field private final byte[] java.lang.String.value accessible: module java.base does not "opens java.lang" to unnamed module @61f8bee4
	at org.apache.commons.lang3.builder.CompareToBuilderTest.reflectionCompareSignum(CompareToBuilderTest.java:246)
	at org.apache.commons.lang3.builder.CompareToBuilderTest.assertReflectionCompareContract(CompareToBuilderTest.java:218)
	at org.apache.commons.lang3.builder.CompareToBuilderTest.testReflectionHierarchyCompare(CompareToBuilderTest.java:195)
	at org.apache.commons.lang3.builder.CompareToBuilderTest.testReflectionHierarchyCompareExcludeFields(CompareToBuilderTest.java:133)

testReflectionHierarchyCompare  Time elapsed: 0.001 s  <<< ERROR!
java.lang.reflect.InaccessibleObjectException: Unable to make field private final byte[] java.lang.String.value accessible: module java.base does not "opens java.lang" to unnamed module @61f8bee4
	at org.apache.commons.lang3.builder.CompareToBuilderTest.reflectionCompareSignum(CompareToBuilderTest.java:246)
	at org.apache.commons.lang3.builder.CompareToBuilderTest.assertReflectionCompareContract(CompareToBuilderTest.java:218)
	at org.apache.commons.lang3.builder.CompareToBuilderTest.testReflectionHierarchyCompare(CompareToBuilderTest.java:195)
	at org.apache.commons.lang3.builder.CompareToBuilderTest.testReflectionHierarchyCompare(CompareToBuilderTest.java:127)

testReflectionHierarchyCompareTransients  Time elapsed: 0 s  <<< ERROR!
java.lang.reflect.InaccessibleObjectException: Unable to make field private final byte[] java.lang.String.value accessible: module java.base does not "opens java.lang" to unnamed module @61f8bee4
	at org.apache.commons.lang3.builder.CompareToBuilderTest.reflectionCompareSignum(CompareToBuilderTest.java:246)
	at org.apache.commons.lang3.builder.CompareToBuilderTest.assertReflectionCompareContract(CompareToBuilderTest.java:218)
	at org.apache.commons.lang3.builder.CompareToBuilderTest.testReflectionHierarchyCompare(CompareToBuilderTest.java:195)
	at org.apache.commons.lang3.builder.CompareToBuilderTest.testReflectionHierarchyCompareTransients(CompareToBuilderTest.java:152)

