-------------------------------------------------------------------------------
Test set: org.apache.commons.lang3.builder.ToStringBuilderTest
-------------------------------------------------------------------------------
Tests run: 74, Failures: 31, Errors: 0, Skipped: 0, Time elapsed: 0.026 s <<< FAILURE! - in org.apache.commons.lang3.builder.ToStringBuilderTest
test_setUpToClass_valid  Time elapsed: 0.001 s  <<< FAILURE!
org.opentest4j.MultipleFailuresError: 
Multiple Failures (2 failures)
	java.lang.reflect.InaccessibleObjectException: Unable to make field static final char[] java.lang.Integer.digits accessible: module java.base does not "opens java.lang" to unnamed module @61f8bee4
	java.lang.AssertionError: Expected null, actual: {5=null} expected null, but was:<{5=null}>

testReflectionBoolean  Time elapsed: 0 s  <<< FAILURE!
org.opentest4j.MultipleFailuresError: 
Multiple Failures (2 failures)
	java.lang.reflect.InaccessibleObjectException: Unable to make field private final boolean java.lang.Boolean.value accessible: module java.base does not "opens java.lang" to unnamed module @61f8bee4
	java.lang.AssertionError: Expected null, actual: {true=null} expected null, but was:<{true=null}>

testObjectArray  Time elapsed: 0 s  <<< FAILURE!
java.lang.AssertionError: Expected null, actual: {true=null} expected null, but was:<{true=null}>
	at org.apache.commons.lang3.builder.ToStringBuilderTest.validateNullToStringStyleRegistry(ToStringBuilderTest.java:609)
	at org.apache.commons.lang3.builder.ToStringBuilderTest.after(ToStringBuilderTest.java:46)

testObjectBuild  Time elapsed: 0 s  <<< FAILURE!
java.lang.AssertionError: Expected null, actual: {true=null} expected null, but was:<{true=null}>
	at org.apache.commons.lang3.builder.ToStringBuilderTest.validateNullToStringStyleRegistry(ToStringBuilderTest.java:609)
	at org.apache.commons.lang3.builder.ToStringBuilderTest.after(ToStringBuilderTest.java:46)

testObjectCycle  Time elapsed: 0 s  <<< FAILURE!
java.lang.AssertionError: Expected null, actual: {true=null} expected null, but was:<{true=null}>
	at org.apache.commons.lang3.builder.ToStringBuilderTest.validateNullToStringStyleRegistry(ToStringBuilderTest.java:609)
	at org.apache.commons.lang3.builder.ToStringBuilderTest.after(ToStringBuilderTest.java:46)

testReflectionHierarchy  Time elapsed: 0 s  <<< FAILURE!
java.lang.AssertionError: Expected null, actual: {true=null} expected null, but was:<{true=null}>
	at org.apache.commons.lang3.builder.ToStringBuilderTest.validateNullToStringStyleRegistry(ToStringBuilderTest.java:609)
	at org.apache.commons.lang3.builder.ToStringBuilderTest.after(ToStringBuilderTest.java:46)

testSelfInstanceTwoVarsReflectionObjectCycle  Time elapsed: 0 s  <<< FAILURE!
java.lang.AssertionError: Expected null, actual: {true=null} expected null, but was:<{true=null}>
	at org.apache.commons.lang3.builder.ToStringBuilderTest.validateNullToStringStyleRegistry(ToStringBuilderTest.java:609)
	at org.apache.commons.lang3.builder.ToStringBuilderTest.after(ToStringBuilderTest.java:46)

testAppendToStringUsingMultiLineStyle  Time elapsed: 0 s  <<< FAILURE!
java.lang.AssertionError: Expected null, actual: {true=null} expected null, but was:<{true=null}>
	at org.apache.commons.lang3.builder.ToStringBuilderTest.validateNullToStringStyleRegistry(ToStringBuilderTest.java:609)
	at org.apache.commons.lang3.builder.ToStringBuilderTest.after(ToStringBuilderTest.java:46)

testShortArrayArray  Time elapsed: 0.001 s  <<< FAILURE!
java.lang.AssertionError: Expected null, actual: {true=null} expected null, but was:<{true=null}>
	at org.apache.commons.lang3.builder.ToStringBuilderTest.validateNullToStringStyleRegistry(ToStringBuilderTest.java:609)
	at org.apache.commons.lang3.builder.ToStringBuilderTest.after(ToStringBuilderTest.java:46)

testBooleanArrayArray  Time elapsed: 0 s  <<< FAILURE!
java.lang.AssertionError: Expected null, actual: {true=null} expected null, but was:<{true=null}>
	at org.apache.commons.lang3.builder.ToStringBuilderTest.validateNullToStringStyleRegistry(ToStringBuilderTest.java:609)
	at org.apache.commons.lang3.builder.ToStringBuilderTest.after(ToStringBuilderTest.java:46)

testFloatArray  Time elapsed: 0 s  <<< FAILURE!
java.lang.AssertionError: Expected null, actual: {true=null} expected null, but was:<{true=null}>
	at org.apache.commons.lang3.builder.ToStringBuilderTest.validateNullToStringStyleRegistry(ToStringBuilderTest.java:609)
	at org.apache.commons.lang3.builder.ToStringBuilderTest.after(ToStringBuilderTest.java:46)

testInt  Time elapsed: 0.001 s  <<< FAILURE!
java.lang.AssertionError: Expected null, actual: {true=null} expected null, but was:<{true=null}>
	at org.apache.commons.lang3.builder.ToStringBuilderTest.validateNullToStringStyleRegistry(ToStringBuilderTest.java:609)
	at org.apache.commons.lang3.builder.ToStringBuilderTest.after(ToStringBuilderTest.java:46)

testByteArray  Time elapsed: 0 s  <<< FAILURE!
java.lang.AssertionError: Expected null, actual: {true=null} expected null, but was:<{true=null}>
	at org.apache.commons.lang3.builder.ToStringBuilderTest.validateNullToStringStyleRegistry(ToStringBuilderTest.java:609)
	at org.apache.commons.lang3.builder.ToStringBuilderTest.after(ToStringBuilderTest.java:46)

testReflectionArrayCycle  Time elapsed: 0.001 s  <<< FAILURE!
java.lang.AssertionError: Expected null, actual: {true=null} expected null, but was:<{true=null}>
	at org.apache.commons.lang3.builder.ToStringBuilderTest.validateNullToStringStyleRegistry(ToStringBuilderTest.java:609)
	at org.apache.commons.lang3.builder.ToStringBuilderTest.after(ToStringBuilderTest.java:46)

testReflectionLongArrayArray  Time elapsed: 0 s  <<< FAILURE!
java.lang.AssertionError: Expected null, actual: {true=null} expected null, but was:<{true=null}>
	at org.apache.commons.lang3.builder.ToStringBuilderTest.validateNullToStringStyleRegistry(ToStringBuilderTest.java:609)
	at org.apache.commons.lang3.builder.ToStringBuilderTest.after(ToStringBuilderTest.java:46)

testBlank  Time elapsed: 0.001 s  <<< FAILURE!
java.lang.AssertionError: Expected null, actual: {true=null} expected null, but was:<{true=null}>
	at org.apache.commons.lang3.builder.ToStringBuilderTest.validateNullToStringStyleRegistry(ToStringBuilderTest.java:609)
	at org.apache.commons.lang3.builder.ToStringBuilderTest.after(ToStringBuilderTest.java:46)

testFloat  Time elapsed: 0 s  <<< FAILURE!
java.lang.AssertionError: Expected null, actual: {true=null} expected null, but was:<{true=null}>
	at org.apache.commons.lang3.builder.ToStringBuilderTest.validateNullToStringStyleRegistry(ToStringBuilderTest.java:609)
	at org.apache.commons.lang3.builder.ToStringBuilderTest.after(ToStringBuilderTest.java:46)

testShort  Time elapsed: 0 s  <<< FAILURE!
java.lang.AssertionError: Expected null, actual: {true=null} expected null, but was:<{true=null}>
	at org.apache.commons.lang3.builder.ToStringBuilderTest.validateNullToStringStyleRegistry(ToStringBuilderTest.java:609)
	at org.apache.commons.lang3.builder.ToStringBuilderTest.after(ToStringBuilderTest.java:46)

testReflectionArrayArrayCycle  Time elapsed: 0 s  <<< FAILURE!
java.lang.AssertionError: Expected null, actual: {true=null} expected null, but was:<{true=null}>
	at org.apache.commons.lang3.builder.ToStringBuilderTest.validateNullToStringStyleRegistry(ToStringBuilderTest.java:609)
	at org.apache.commons.lang3.builder.ToStringBuilderTest.after(ToStringBuilderTest.java:46)

testByte  Time elapsed: 0 s  <<< FAILURE!
java.lang.AssertionError: Expected null, actual: {true=null} expected null, but was:<{true=null}>
	at org.apache.commons.lang3.builder.ToStringBuilderTest.validateNullToStringStyleRegistry(ToStringBuilderTest.java:609)
	at org.apache.commons.lang3.builder.ToStringBuilderTest.after(ToStringBuilderTest.java:46)

testChar  Time elapsed: 0.001 s  <<< FAILURE!
java.lang.AssertionError: Expected null, actual: {true=null} expected null, but was:<{true=null}>
	at org.apache.commons.lang3.builder.ToStringBuilderTest.validateNullToStringStyleRegistry(ToStringBuilderTest.java:609)
	at org.apache.commons.lang3.builder.ToStringBuilderTest.after(ToStringBuilderTest.java:46)

testLong  Time elapsed: 0 s  <<< FAILURE!
java.lang.AssertionError: Expected null, actual: {true=null} expected null, but was:<{true=null}>
	at org.apache.commons.lang3.builder.ToStringBuilderTest.validateNullToStringStyleRegistry(ToStringBuilderTest.java:609)
	at org.apache.commons.lang3.builder.ToStringBuilderTest.after(ToStringBuilderTest.java:46)

testReflectionFloatArray  Time elapsed: 0 s  <<< FAILURE!
java.lang.AssertionError: Expected null, actual: {true=null} expected null, but was:<{true=null}>
	at org.apache.commons.lang3.builder.ToStringBuilderTest.validateNullToStringStyleRegistry(ToStringBuilderTest.java:609)
	at org.apache.commons.lang3.builder.ToStringBuilderTest.after(ToStringBuilderTest.java:46)

testLongArrayArray  Time elapsed: 0 s  <<< FAILURE!
java.lang.AssertionError: Expected null, actual: {true=null} expected null, but was:<{true=null}>
	at org.apache.commons.lang3.builder.ToStringBuilderTest.validateNullToStringStyleRegistry(ToStringBuilderTest.java:609)
	at org.apache.commons.lang3.builder.ToStringBuilderTest.after(ToStringBuilderTest.java:46)

test_setUpToClass_invalid  Time elapsed: 0.001 s  <<< FAILURE!
org.opentest4j.MultipleFailuresError: 
Multiple Failures (2 failures)
	java.lang.Exception: Unexpected exception, expected<java.lang.IllegalArgumentException> but was<java.lang.reflect.InaccessibleObjectException>
	java.lang.AssertionError: Expected null, actual: {true=null, 5=null} expected null, but was:<{true=null, 5=null}>

testBoolean  Time elapsed: 0 s  <<< FAILURE!
java.lang.AssertionError: Expected null, actual: {true=null} expected null, but was:<{true=null}>
	at org.apache.commons.lang3.builder.ToStringBuilderTest.validateNullToStringStyleRegistry(ToStringBuilderTest.java:609)
	at org.apache.commons.lang3.builder.ToStringBuilderTest.after(ToStringBuilderTest.java:46)

testReflectionDoubleArrayArray  Time elapsed: 0 s  <<< FAILURE!
java.lang.AssertionError: Expected null, actual: {true=null} expected null, but was:<{true=null}>
	at org.apache.commons.lang3.builder.ToStringBuilderTest.validateNullToStringStyleRegistry(ToStringBuilderTest.java:609)
	at org.apache.commons.lang3.builder.ToStringBuilderTest.after(ToStringBuilderTest.java:46)

testReflectionInteger  Time elapsed: 0 s  <<< FAILURE!
org.opentest4j.MultipleFailuresError: 
Multiple Failures (2 failures)
	java.lang.reflect.InaccessibleObjectException: Unable to make field static final char[] java.lang.Integer.digits accessible: module java.base does not "opens java.lang" to unnamed module @61f8bee4
	java.lang.AssertionError: Expected null, actual: {5=null} expected null, but was:<{5=null}>

testReflectionCharacter  Time elapsed: 0.001 s  <<< FAILURE!
org.opentest4j.MultipleFailuresError: 
Multiple Failures (2 failures)
	java.lang.reflect.InaccessibleObjectException: Unable to make field static final int java.lang.Character.ERROR accessible: module java.base does not "opens java.lang" to unnamed module @61f8bee4
	java.lang.AssertionError: Expected null, actual: {A=null} expected null, but was:<{A=null}>

testDoubleArray  Time elapsed: 0.001 s  <<< FAILURE!
java.lang.AssertionError: Expected null, actual: {A=null} expected null, but was:<{A=null}>
	at org.apache.commons.lang3.builder.ToStringBuilderTest.validateNullToStringStyleRegistry(ToStringBuilderTest.java:609)
	at org.apache.commons.lang3.builder.ToStringBuilderTest.after(ToStringBuilderTest.java:46)

testReflectionFloatArrayArray  Time elapsed: 0 s  <<< FAILURE!
java.lang.AssertionError: Expected null, actual: {A=null} expected null, but was:<{A=null}>
	at org.apache.commons.lang3.builder.ToStringBuilderTest.validateNullToStringStyleRegistry(ToStringBuilderTest.java:609)
	at org.apache.commons.lang3.builder.ToStringBuilderTest.after(ToStringBuilderTest.java:46)

