<?xml version="1.0" encoding="UTF-8" ?>
<testsuite tests="71" failures="0" name="org.apache.commons.lang3.BooleanUtilsTest" time="0.016" errors="0" skipped="0">
  <properties>
[...]
</properties>
  <testcase classname="org.apache.commons.lang3.BooleanUtilsTest" name="testXor_primitive_nullInput" time="0.003"/>
  <testcase classname="org.apache.commons.lang3.BooleanUtilsTest" name="testAnd_object_nullElementInput" time="0.002"/>
  <testcase classname="org.apache.commons.lang3.BooleanUtilsTest" name="test_toStringTrueFalse_boolean" time="0"/>
  <testcase classname="org.apache.commons.lang3.BooleanUtilsTest" name="test_toBooleanObject_int" time="0"/>
  <testcase classname="org.apache.commons.lang3.BooleanUtilsTest" name="testXor_primitive_emptyInput" time="0"/>
  <testcase classname="org.apache.commons.lang3.BooleanUtilsTest" name="test_toBooleanDefaultIfNull_Boolean_boolean" time="0"/>
  <testcase classname="org.apache.commons.lang3.BooleanUtilsTest" name="test_toBooleanObject_Integer" time="0"/>
  <testcase classname="org.apache.commons.lang3.BooleanUtilsTest" name="test_toInteger_boolean_int_int" time="0"/>
  <testcase classname="org.apache.commons.lang3.BooleanUtilsTest" name="test_toBooleanObject_Integer_Integer_Integer_Integer_noMatch" time="0"/>
  <testcase classname="org.apache.commons.lang3.BooleanUtilsTest" name="testAnd_primitive_nullInput" time="0"/>
  <testcase classname="org.apache.commons.lang3.BooleanUtilsTest" name="test_isNotFalse_Boolean" time="0"/>
  <testcase classname="org.apache.commons.lang3.BooleanUtilsTest" name="testAnd_object_nullInput" time="0.001"/>
  <testcase classname="org.apache.commons.lang3.BooleanUtilsTest" name="test_toBooleanObject_String" time="0"/>
  <testcase classname="org.apache.commons.lang3.BooleanUtilsTest" name="test_toStringYesNo_boolean" time="0"/>
  <testcase classname="org.apache.commons.lang3.BooleanUtilsTest" name="test_toBoolean_String_String_String_noMatch" time="0"/>
  <testcase classname="org.apache.commons.lang3.BooleanUtilsTest" name="test_toBooleanObject_Integer_Integer_Integer_Integer" time="0"/>
  <testcase classname="org.apache.commons.lang3.BooleanUtilsTest" name="test_toBoolean_Integer_Integer_Integer" time="0"/>
  <testcase classname="org.apache.commons.lang3.BooleanUtilsTest" name="test_toIntegerObject_Boolean_Integer_Integer_Integer" time="0"/>
  <testcase classname="org.apache.commons.lang3.BooleanUtilsTest" name="testOr_primitive_nullInput" time="0"/>
  <testcase classname="org.apache.commons.lang3.BooleanUtilsTest" name="test_toBooleanObject_String_String_String_String" time="0"/>
  <testcase classname="org.apache.commons.lang3.BooleanUtilsTest" name="test_toStringOnOff_Boolean" time="0"/>
  <testcase classname="org.apache.commons.lang3.BooleanUtilsTest" name="testXor_object_validInput_2items" time="0"/>
  <testcase classname="org.apache.commons.lang3.BooleanUtilsTest" name="test_toBooleanObject_String_String_String_String_noMatch" time="0"/>
  <testcase classname="org.apache.commons.lang3.BooleanUtilsTest" name="testXor_object_validInput_3items" time="0"/>
  <testcase classname="org.apache.commons.lang3.BooleanUtilsTest" name="test_toIntegerObject_Boolean" time="0.004"/>
  <testcase classname="org.apache.commons.lang3.BooleanUtilsTest" name="testAnd_object_validInput_2items" time="0"/>
  <testcase classname="org.apache.commons.lang3.BooleanUtilsTest" name="testAnd_object_validInput_3items" time="0"/>
  <testcase classname="org.apache.commons.lang3.BooleanUtilsTest" name="test_isNotTrue_Boolean" time="0"/>
  <testcase classname="org.apache.commons.lang3.BooleanUtilsTest" name="test_toBoolean_Integer_Integer_Integer_nullValue" time="0"/>
  <testcase classname="org.apache.commons.lang3.BooleanUtilsTest" name="test_toBoolean_String" time="0"/>
  <testcase classname="org.apache.commons.lang3.BooleanUtilsTest" name="test_toBoolean_int_int_int" time="0"/>
  <testcase classname="org.apache.commons.lang3.BooleanUtilsTest" name="test_toBooleanObject_Integer_Integer_Integer_Integer_nullValue" time="0"/>
  <testcase classname="org.apache.commons.lang3.BooleanUtilsTest" name="testXor_object_nullElementInput" time="0"/>
  <testcase classname="org.apache.commons.lang3.BooleanUtilsTest" name="test_toStringTrueFalse_Boolean" time="0"/>
  <testcase classname="org.apache.commons.lang3.BooleanUtilsTest" name="test_toBoolean_Integer_Integer_Integer_noMatch" time="0"/>
  <testcase classname="org.apache.commons.lang3.BooleanUtilsTest" name="testOr_object_emptyInput" time="0"/>
  <testcase classname="org.apache.commons.lang3.BooleanUtilsTest" name="testAnd_object_emptyInput" time="0"/>
  <testcase classname="org.apache.commons.lang3.BooleanUtilsTest" name="testXor_object_nullInput" time="0"/>
  <testcase classname="org.apache.commons.lang3.BooleanUtilsTest" name="testOr_primitive_validInput_2items" time="0"/>
  <testcase classname="org.apache.commons.lang3.BooleanUtilsTest" name="testOr_primitive_validInput_3items" time="0.002"/>
  <testcase classname="org.apache.commons.lang3.BooleanUtilsTest" name="test_toStringYesNo_Boolean" time="0"/>
  <testcase classname="org.apache.commons.lang3.BooleanUtilsTest" name="test_isFalse_Boolean" time="0"/>
  <testcase classname="org.apache.commons.lang3.BooleanUtilsTest" name="testAnd_primitive_validInput_2items" time="0"/>
  <testcase classname="org.apache.commons.lang3.BooleanUtilsTest" name="testAnd_primitive_validInput_3items" time="0"/>
  <testcase classname="org.apache.commons.lang3.BooleanUtilsTest" name="test_toBoolean_int" time="0"/>
  <testcase classname="org.apache.commons.lang3.BooleanUtilsTest" name="test_toInteger_boolean" time="0"/>
  <testcase classname="org.apache.commons.lang3.BooleanUtilsTest" name="test_toBoolean_String_String_String_nullValue" time="0"/>
  <testcase classname="org.apache.commons.lang3.BooleanUtilsTest" name="test_toBoolean_Boolean" time="0"/>
  <testcase classname="org.apache.commons.lang3.BooleanUtilsTest" name="test_toIntegerObject_boolean_Integer_Integer" time="0"/>
  <testcase classname="org.apache.commons.lang3.BooleanUtilsTest" name="test_isTrue_Boolean" time="0"/>
  <testcase classname="org.apache.commons.lang3.BooleanUtilsTest" name="testXor_primitive_validInput_2items" time="0"/>
  <testcase classname="org.apache.commons.lang3.BooleanUtilsTest" name="testXor_primitive_validInput_3items" time="0"/>
  <testcase classname="org.apache.commons.lang3.BooleanUtilsTest" name="testXor_object_emptyInput" time="0"/>
  <testcase classname="org.apache.commons.lang3.BooleanUtilsTest" name="testOr_object_validInput_2items" time="0"/>
  <testcase classname="org.apache.commons.lang3.BooleanUtilsTest" name="testOr_object_validInput_3items" time="0"/>
  <testcase classname="org.apache.commons.lang3.BooleanUtilsTest" name="test_toBoolean_String_String_String" time="0"/>
  <testcase classname="org.apache.commons.lang3.BooleanUtilsTest" name="testAnd_primitive_emptyInput" time="0"/>
  <testcase classname="org.apache.commons.lang3.BooleanUtilsTest" name="test_toBooleanObject_int_int_int_noMatch" time="0"/>
  <testcase classname="org.apache.commons.lang3.BooleanUtilsTest" name="testOr_object_nullElementInput" time="0"/>
  <testcase classname="org.apache.commons.lang3.BooleanUtilsTest" name="test_toInteger_Boolean_int_int_int" time="0"/>
  <testcase classname="org.apache.commons.lang3.BooleanUtilsTest" name="test_negate_Boolean" time="0"/>
  <testcase classname="org.apache.commons.lang3.BooleanUtilsTest" name="test_toString_Boolean_String_String_String" time="0.002"/>
  <testcase classname="org.apache.commons.lang3.BooleanUtilsTest" name="test_toBoolean_int_int_int_noMatch" time="0"/>
  <testcase classname="org.apache.commons.lang3.BooleanUtilsTest" name="test_toStringOnOff_boolean" time="0"/>
  <testcase classname="org.apache.commons.lang3.BooleanUtilsTest" name="test_toBooleanObject_int_int_int" time="0"/>
  <testcase classname="org.apache.commons.lang3.BooleanUtilsTest" name="testOr_object_nullInput" time="0"/>
  <testcase classname="org.apache.commons.lang3.BooleanUtilsTest" name="test_toIntegerObject_boolean" time="0"/>
  <testcase classname="org.apache.commons.lang3.BooleanUtilsTest" name="test_toBooleanObject_String_String_String_String_nullValue" time="0"/>
  <testcase classname="org.apache.commons.lang3.BooleanUtilsTest" name="test_toString_boolean_String_String_String" time="0"/>
  <testcase classname="org.apache.commons.lang3.BooleanUtilsTest" name="testConstructor" time="0.002"/>
  <testcase classname="org.apache.commons.lang3.BooleanUtilsTest" name="testOr_primitive_emptyInput" time="0"/>
</testsuite>