<?xml version="1.0" encoding="UTF-8"?>
<testsuite xmlns:xsi="http://www.w3.org/2001/XMLSchema-instance" xsi:noNamespaceSchemaLocation="https://maven.apache.org/surefire/maven-surefire-plugin/xsd/surefire-test-report.xsd" name="org.apache.commons.lang3.math.NumberUtilsTest" time="0.005" tests="88" errors="1" skipped="0" failures="0">
  <properties>
[...]
</properties>
  <testcase name="testMaximumDouble" classname="org.apache.commons.lang3.math.NumberUtilsTest" time="0"/>
  <testcase name="testToFloatStringF" classname="org.apache.commons.lang3.math.NumberUtilsTest" time="0"/>
  <testcase name="testMinDouble_emptyArray" classname="org.apache.commons.lang3.math.NumberUtilsTest" time="0"/>
  <testcase name="testMinimumFloat" classname="org.apache.commons.lang3.math.NumberUtilsTest" time="0"/>
  <testcase name="testMinimumShort" classname="org.apache.commons.lang3.math.NumberUtilsTest" time="0"/>
  <testcase name="testMinLong_nullArray" classname="org.apache.commons.lang3.math.NumberUtilsTest" time="0"/>
  <testcase name="testCreateNumber" classname="org.apache.commons.lang3.math.NumberUtilsTest" time="0"/>
  <testcase name="testToLongString" classname="org.apache.commons.lang3.math.NumberUtilsTest" time="0"/>
  <testcase name="testtoByte" classname="org.apache.commons.lang3.math.NumberUtilsTest" time="0"/>
  <testcase name="testtoLong" classname="org.apache.commons.lang3.math.NumberUtilsTest" time="0"/>
  <testcase name="testMaxByte_emptyArray" classname="org.apache.commons.lang3.math.NumberUtilsTest" time="0"/>
  <testcase name="testtoDouble" classname="org.apache.commons.lang3.math.NumberUtilsTest" time="0"/>
  <testcase name="testToIntStringI" classname="org.apache.commons.lang3.math.NumberUtilsTest" time="0"/>
  <testcase name="testMaxShort_nullArray" classname="org.apache.commons.lang3.math.NumberUtilsTest" time="0"/>
  <testcase name="testToIntString" classname="org.apache.commons.lang3.math.NumberUtilsTest" time="0"/>
  <testcase name="testMinShort_emptyArray" classname="org.apache.commons.lang3.math.NumberUtilsTest" time="0"/>
  <testcase name="testCreateFloat" classname="org.apache.commons.lang3.math.NumberUtilsTest" time="0"/>
  <testcase name="testtoInt" classname="org.apache.commons.lang3.math.NumberUtilsTest" time="0"/>
  <testcase name="testMaxShort_emptyArray" classname="org.apache.commons.lang3.math.NumberUtilsTest" time="0"/>
  <testcase name="testMinimumInt" classname="org.apache.commons.lang3.math.NumberUtilsTest" time="0"/>
  <testcase name="testMinDouble_nullArray" classname="org.apache.commons.lang3.math.NumberUtilsTest" time="0"/>
  <testcase name="testMaxDouble_nullArray" classname="org.apache.commons.lang3.math.NumberUtilsTest" time="0"/>
  <testcase name="testMaxDouble_emptyArray" classname="org.apache.commons.lang3.math.NumberUtilsTest" time="0"/>
  <testcase name="testMaxInt_emptyArray" classname="org.apache.commons.lang3.math.NumberUtilsTest" time="0"/>
  <testcase name="testMaxLong_emptyArray" classname="org.apache.commons.lang3.math.NumberUtilsTest" time="0"/>
  <testcase name="testToByteStringI" classname="org.apache.commons.lang3.math.NumberUtilsTest" time="0.001"/>
  <testcase name="testToFloatString" classname="org.apache.commons.lang3.math.NumberUtilsTest" time="0"/>
  <testcase name="testMinFloat_emptyArray" classname="org.apache.commons.lang3.math.NumberUtilsTest" time="0"/>
  <testcase name="testMinFloat" classname="org.apache.commons.lang3.math.NumberUtilsTest" time="0"/>
  <testcase name="testMaxFloat_emptyArray" classname="org.apache.commons.lang3.math.NumberUtilsTest" time="0"/>
  <testcase name="testMinShort" classname="org.apache.commons.lang3.math.NumberUtilsTest" time="0"/>
  <testcase name="testCreateNumberMagnitude" classname="org.apache.commons.lang3.math.NumberUtilsTest" time="0"/>
  <testcase name="testMinFloat_nullArray" classname="org.apache.commons.lang3.math.NumberUtilsTest" time="0"/>
  <testcase name="testToByteString" classname="org.apache.commons.lang3.math.NumberUtilsTest" time="0"/>
  <testcase name="testLang300" classname="org.apache.commons.lang3.math.NumberUtilsTest" time="0"/>
  <testcase name="testLang381" classname="org.apache.commons.lang3.math.NumberUtilsTest" time="0"/>
  <testcase name="testMaxDouble" classname="org.apache.commons.lang3.math.NumberUtilsTest" time="0.001"/>
  <testcase name="testMinimumDouble" classname="org.apache.commons.lang3.math.NumberUtilsTest" time="0"/>
  <testcase name="testMaxLong_nullArray" classname="org.apache.commons.lang3.math.NumberUtilsTest" time="0"/>
  <testcase name="testIsDigits" classname="org.apache.commons.lang3.math.NumberUtilsTest" time="0"/>
  <testcase name="testMinByte_nullArray" classname="org.apache.commons.lang3.math.NumberUtilsTest" time="0"/>
  <testcase name="testCreateBigDecimal" classname="org.apache.commons.lang3.math.NumberUtilsTest" time="0"/>
  <testcase name="testConstants" classname="org.apache.commons.lang3.math.NumberUtilsTest" time="0"/>
  <testcase name="testCompareDouble" classname="org.apache.commons.lang3.math.NumberUtilsTest" time="0"/>
  <testcase name="testMinimumByte" classname="org.apache.commons.lang3.math.NumberUtilsTest" time="0"/>
  <testcase name="testMinimumLong" classname="org.apache.commons.lang3.math.NumberUtilsTest" time="0"/>
  <testcase name="testIsNumber" classname="org.apache.commons.lang3.math.NumberUtilsTest" time="0.001"/>
  <testcase name="testMinDouble" classname="org.apache.commons.lang3.math.NumberUtilsTest" time="0"/>
  <testcase name="testMaxByte" classname="org.apache.commons.lang3.math.NumberUtilsTest" time="0"/>
  <testcase name="testMaxLong" classname="org.apache.commons.lang3.math.NumberUtilsTest" time="0"/>
  <testcase name="testMaxFloat_nullArray" classname="org.apache.commons.lang3.math.NumberUtilsTest" time="0"/>
  <testcase name="testCreateBigInteger" classname="org.apache.commons.lang3.math.NumberUtilsTest" time="0"/>
  <testcase name="testCreateLong" classname="org.apache.commons.lang3.math.NumberUtilsTest" time="0"/>
  <testcase name="testMinByte" classname="org.apache.commons.lang3.math.NumberUtilsTest" time="0"/>
  <testcase name="testMinLong" classname="org.apache.commons.lang3.math.NumberUtilsTest" time="0"/>
  <testcase name="testMaximumInt" classname="org.apache.commons.lang3.math.NumberUtilsTest" time="0.001"/>
  <testcase name="testCreateNumberFailure_1" classname="org.apache.commons.lang3.math.NumberUtilsTest" time="0"/>
  <testcase name="testCreateNumberFailure_2" classname="org.apache.commons.lang3.math.NumberUtilsTest" time="0"/>
  <testcase name="testCreateNumberFailure_3" classname="org.apache.commons.lang3.math.NumberUtilsTest" time="0"/>
  <testcase name="testCreateNumberFailure_4" classname="org.apache.commons.lang3.math.NumberUtilsTest" time="0"/>
  <testcase name="testMaximumByte" classname="org.apache.commons.lang3.math.NumberUtilsTest" time="0"/>
  <testcase name="testMaximumLong" classname="org.apache.commons.lang3.math.NumberUtilsTest" time="0"/>
  <testcase name="testtoFloat" classname="org.apache.commons.lang3.math.NumberUtilsTest" time="0"/>
  <testcase name="testtoShort" classname="org.apache.commons.lang3.math.NumberUtilsTest" time="0"/>
  <testcase name="testMaxFloat" classname="org.apache.commons.lang3.math.NumberUtilsTest" time="0"/>
  <testcase name="testMaxShort" classname="org.apache.commons.lang3.math.NumberUtilsTest" time="0"/>
  <testcase name="testCompareFloat" classname="org.apache.commons.lang3.math.NumberUtilsTest" time="0"/>
  <testcase name="TestLang747" classname="org.apache.commons.lang3.math.NumberUtilsTest" time="0.001">
    <error message="For input string: &quot;80000000&quot;" type="java.lang.NumberFormatException">java.lang.NumberFormatException: For input string: "80000000"
	at org.apache.commons.lang3.math.NumberUtilsTest.TestLang747(NumberUtilsTest.java:256)
</error>
  </testcase>
  <testcase name="testMinInt_emptyArray" classname="org.apache.commons.lang3.math.NumberUtilsTest" time="0"/>
  <testcase name="testMinByte_emptyArray" classname="org.apache.commons.lang3.math.NumberUtilsTest" time="0"/>
  <testcase name="testMaxInt" classname="org.apache.commons.lang3.math.NumberUtilsTest" time="0"/>
  <testcase name="testMinInt" classname="org.apache.commons.lang3.math.NumberUtilsTest" time="0"/>
  <testcase name="testMinInt_nullArray" classname="org.apache.commons.lang3.math.NumberUtilsTest" time="0"/>
  <testcase name="testMinShort_nullArray" classname="org.apache.commons.lang3.math.NumberUtilsTest" time="0"/>
  <testcase name="testMaxInt_nullArray" classname="org.apache.commons.lang3.math.NumberUtilsTest" time="0"/>
  <testcase name="testStringToDoubleString" classname="org.apache.commons.lang3.math.NumberUtilsTest" time="0"/>
  <testcase name="testMaximumFloat" classname="org.apache.commons.lang3.math.NumberUtilsTest" time="0"/>
  <testcase name="testMaximumShort" classname="org.apache.commons.lang3.math.NumberUtilsTest" time="0"/>
  <testcase name="testToShortStringI" classname="org.apache.commons.lang3.math.NumberUtilsTest" time="0"/>
  <testcase name="testCreateInteger" classname="org.apache.commons.lang3.math.NumberUtilsTest" time="0"/>
  <testcase name="testToLongStringL" classname="org.apache.commons.lang3.math.NumberUtilsTest" time="0"/>
  <testcase name="testStringToDoubleStringD" classname="org.apache.commons.lang3.math.NumberUtilsTest" time="0"/>
  <testcase name="testToShortString" classname="org.apache.commons.lang3.math.NumberUtilsTest" time="0"/>
  <testcase name="testConstructor" classname="org.apache.commons.lang3.math.NumberUtilsTest" time="0"/>
  <testcase name="testStringCreateNumberEnsureNoPrecisionLoss" classname="org.apache.commons.lang3.math.NumberUtilsTest" time="0"/>
  <testcase name="testMaxByte_nullArray" classname="org.apache.commons.lang3.math.NumberUtilsTest" time="0"/>
  <testcase name="testCreateDouble" classname="org.apache.commons.lang3.math.NumberUtilsTest" time="0"/>
  <testcase name="testMinLong_emptyArray" classname="org.apache.commons.lang3.math.NumberUtilsTest" time="0"/>
</testsuite>