<?xml version="1.0" encoding="UTF-8" ?>
<testsuite tests="29" failures="0" name="org.apache.commons.lang3.time.FastDateParserTest" time="1.482" errors="0" skipped="0">
  <properties>
[...]
</properties>
  <testcase classname="org.apache.commons.lang3.time.FastDateParserTest" name="testSpecialCharacters" time="0"/>
  <testcase classname="org.apache.commons.lang3.time.FastDateParserTest" name="testShortDateStyleWithLocales" time="0"/>
  <testcase classname="org.apache.commons.lang3.time.FastDateParserTest" name="testMilleniumBug" time="0"/>
  <testcase classname="org.apache.commons.lang3.time.FastDateParserTest" name="testLocaleMatches" time="0"/>
  <testcase classname="org.apache.commons.lang3.time.FastDateParserTest" name="testDayOf" time="0"/>
  <testcase classname="org.apache.commons.lang3.time.FastDateParserTest" name="testParseZone" time="0"/>
  <testcase classname="org.apache.commons.lang3.time.FastDateParserTest" name="testAmPm" time="0"/>
  <testcase classname="org.apache.commons.lang3.time.FastDateParserTest" name="testLowYearPadding" time="0"/>
  <testcase classname="org.apache.commons.lang3.time.FastDateParserTest" name="testLocales_Long_AD" time="0.186"/>
  <testcase classname="org.apache.commons.lang3.time.FastDateParserTest" name="testLocales_Long_BC" time="0.149"/>
  <testcase classname="org.apache.commons.lang3.time.FastDateParserTest" name="testParseNumerics" time="0"/>
  <testcase classname="org.apache.commons.lang3.time.FastDateParserTest" name="testLang303" time="0"/>
  <testcase classname="org.apache.commons.lang3.time.FastDateParserTest" name="testLang538" time="0"/>
  <testcase classname="org.apache.commons.lang3.time.FastDateParserTest" name="testToStringContainsName" time="0"/>
  <testcase classname="org.apache.commons.lang3.time.FastDateParserTest" name="testLANG_831" time="0"/>
  <testcase classname="org.apache.commons.lang3.time.FastDateParserTest" name="testLANG_832" time="0"/>
  <testcase classname="org.apache.commons.lang3.time.FastDateParserTest" name="test_Equality_Hash" time="0"/>
  <testcase classname="org.apache.commons.lang3.time.FastDateParserTest" name="testLocales_ShortNoEra_AD" time="0.201"/>
  <testcase classname="org.apache.commons.lang3.time.FastDateParserTest" name="testLocales_ShortNoEra_BC" time="0.157"/>
  <testcase classname="org.apache.commons.lang3.time.FastDateParserTest" name="testParseLongShort" time="0"/>
  <testcase classname="org.apache.commons.lang3.time.FastDateParserTest" name="testLocales_LongNoEra_AD" time="0.146"/>
  <testcase classname="org.apache.commons.lang3.time.FastDateParserTest" name="testLocales_LongNoEra_BC" time="0.133"/>
  <testcase classname="org.apache.commons.lang3.time.FastDateParserTest" name="testLocales_Short_AD" time="0.129"/>
  <testcase classname="org.apache.commons.lang3.time.FastDateParserTest" name="testLocales_Short_BC" time="0.149"/>
  <testcase classname="org.apache.commons.lang3.time.FastDateParserTest" name="testEquals" time="0"/>
  <testcase classname="org.apache.commons.lang3.time.FastDateParserTest" name="testParses" time="0.232"/>
  <testcase classname="org.apache.commons.lang3.time.FastDateParserTest" name="testQuotes" time="0"/>
  <testcase classname="org.apache.commons.lang3.time.FastDateParserTest" name="testTimeZoneMatches" time="0"/>
  <testcase classname="org.apache.commons.lang3.time.FastDateParserTest" name="testPatternMatches" time="0"/>
</testsuite>