<?xml version="1.0" encoding="UTF-8"?>
<testsuite xmlns:xsi="http://www.w3.org/2001/XMLSchema-instance" xsi:noNamespaceSchemaLocation="https://maven.apache.org/surefire/maven-surefire-plugin/xsd/surefire-test-report.xsd" name="org.apache.commons.lang3.builder.CompareToBuilderTest" time="0.008" tests="48" errors="0" skipped="0" failures="0">
  <properties>
[...]
</properties>
  <testcase name="testCharArray" classname="org.apache.commons.lang3.builder.CompareToBuilderTest" time="0"/>
  <testcase name="testObjectArray" classname="org.apache.commons.lang3.builder.CompareToBuilderTest" time="0"/>
  <testcase name="testObjectBuild" classname="org.apache.commons.lang3.builder.CompareToBuilderTest" time="0"/>
  <testcase name="testFloatArray" classname="org.apache.commons.lang3.builder.CompareToBuilderTest" time="0"/>
  <testcase name="testReflectionHierarchyCompareExcludeFields" classname="org.apache.commons.lang3.builder.CompareToBuilderTest" time="0.003"/>
  <testcase name="testObjectComparatorNull" classname="org.apache.commons.lang3.builder.CompareToBuilderTest" time="0"/>
  <testcase name="testReflectionHierarchyCompare" classname="org.apache.commons.lang3.builder.CompareToBuilderTest" time="0"/>
  <testcase name="testMultiCharArray" classname="org.apache.commons.lang3.builder.CompareToBuilderTest" time="0"/>
  <testcase name="testByteArrayHiddenByObject" classname="org.apache.commons.lang3.builder.CompareToBuilderTest" time="0.001"/>
  <testcase name="testInt" classname="org.apache.commons.lang3.builder.CompareToBuilderTest" time="0"/>
  <testcase name="testByteArray" classname="org.apache.commons.lang3.builder.CompareToBuilderTest" time="0"/>
  <testcase name="testRaggedArray" classname="org.apache.commons.lang3.builder.CompareToBuilderTest" time="0"/>
  <testcase name="testFloat" classname="org.apache.commons.lang3.builder.CompareToBuilderTest" time="0"/>
  <testcase name="testShort" classname="org.apache.commons.lang3.builder.CompareToBuilderTest" time="0"/>
  <testcase name="testByte" classname="org.apache.commons.lang3.builder.CompareToBuilderTest" time="0"/>
  <testcase name="testChar" classname="org.apache.commons.lang3.builder.CompareToBuilderTest" time="0"/>
  <testcase name="testLong" classname="org.apache.commons.lang3.builder.CompareToBuilderTest" time="0"/>
  <testcase name="testReflectionCompare" classname="org.apache.commons.lang3.builder.CompareToBuilderTest" time="0"/>
  <testcase name="testObjectArrayHiddenByObject" classname="org.apache.commons.lang3.builder.CompareToBuilderTest" time="0"/>
  <testcase name="testShortArrayHiddenByObject" classname="org.apache.commons.lang3.builder.CompareToBuilderTest" time="0"/>
  <testcase name="testMultiByteArray" classname="org.apache.commons.lang3.builder.CompareToBuilderTest" time="0"/>
  <testcase name="testMultiBooleanArray" classname="org.apache.commons.lang3.builder.CompareToBuilderTest" time="0"/>
  <testcase name="testReflectionCompareEx1" classname="org.apache.commons.lang3.builder.CompareToBuilderTest" time="0"/>
  <testcase name="testReflectionCompareEx2" classname="org.apache.commons.lang3.builder.CompareToBuilderTest" time="0"/>
  <testcase name="testLongArrayHiddenByObject" classname="org.apache.commons.lang3.builder.CompareToBuilderTest" time="0"/>
  <testcase name="testObjectEx2" classname="org.apache.commons.lang3.builder.CompareToBuilderTest" time="0.001"/>
  <testcase name="testCharArrayHiddenByObject" classname="org.apache.commons.lang3.builder.CompareToBuilderTest" time="0"/>
  <testcase name="testMultiFloatArray" classname="org.apache.commons.lang3.builder.CompareToBuilderTest" time="0"/>
  <testcase name="testMixedArray" classname="org.apache.commons.lang3.builder.CompareToBuilderTest" time="0"/>
  <testcase name="testBoolean" classname="org.apache.commons.lang3.builder.CompareToBuilderTest" time="0"/>
  <testcase name="testMultiIntArray" classname="org.apache.commons.lang3.builder.CompareToBuilderTest" time="0"/>
  <testcase name="testBooleanArray" classname="org.apache.commons.lang3.builder.CompareToBuilderTest" time="0"/>
  <testcase name="testBooleanArrayHiddenByObject" classname="org.apache.commons.lang3.builder.CompareToBuilderTest" time="0"/>
  <testcase name="testIntArrayHiddenByObject" classname="org.apache.commons.lang3.builder.CompareToBuilderTest" time="0"/>
  <testcase name="testLongArray" classname="org.apache.commons.lang3.builder.CompareToBuilderTest" time="0"/>
  <testcase name="testReflectionHierarchyCompareTransients" classname="org.apache.commons.lang3.builder.CompareToBuilderTest" time="0.001"/>
  <testcase name="testShortArray" classname="org.apache.commons.lang3.builder.CompareToBuilderTest" time="0"/>
  <testcase name="testMultiLongArray" classname="org.apache.commons.lang3.builder.CompareToBuilderTest" time="0"/>
  <testcase name="testFloatArrayHiddenByObject" classname="org.apache.commons.lang3.builder.CompareToBuilderTest" time="0"/>
  <testcase name="testIntArray" classname="org.apache.commons.lang3.builder.CompareToBuilderTest" time="0"/>
  <testcase name="testObjectComparator" classname="org.apache.commons.lang3.builder.CompareToBuilderTest" time="0"/>
  <testcase name="testDouble" classname="org.apache.commons.lang3.builder.CompareToBuilderTest" time="0"/>
  <testcase name="testDoubleArrayHiddenByObject" classname="org.apache.commons.lang3.builder.CompareToBuilderTest" time="0"/>
  <testcase name="testObject" classname="org.apache.commons.lang3.builder.CompareToBuilderTest" time="0.001"/>
  <testcase name="testMultiDoubleArray" classname="org.apache.commons.lang3.builder.CompareToBuilderTest" time="0"/>
  <testcase name="testAppendSuper" classname="org.apache.commons.lang3.builder.CompareToBuilderTest" time="0"/>
  <testcase name="testMultiShortArray" classname="org.apache.commons.lang3.builder.CompareToBuilderTest" time="0"/>
  <testcase name="testDoubleArray" classname="org.apache.commons.lang3.builder.CompareToBuilderTest" time="0"/>
</testsuite>