<?xml version="1.0" encoding="UTF-8" ?>
<testsuite tests="34" failures="0" name="CompositeFormatBoundaryTest" time="0.072" errors="0" skipped="0">
  <properties>
[...]
</properties>
  <testcase classname="CompositeFormatBoundaryTest" name="testSpecialCharacters" time="0.047"/>
  <testcase classname="CompositeFormatBoundaryTest" name="testNumberFormatMaximumValue" time="0"/>
  <testcase classname="CompositeFormatBoundaryTest" name="testParsePositionAtStringEnd" time="0.002"/>
  <testcase classname="CompositeFormatBoundaryTest" name="testFieldPositionWithZeroField" time="0"/>
  <testcase classname="CompositeFormatBoundaryTest" name="testFormatWithEmptyStringBuffer" time="0.001"/>
  <testcase classname="CompositeFormatBoundaryTest" name="testParsePositionAtStringStart" time="0.002"/>
  <testcase classname="CompositeFormatBoundaryTest" name="testFormatWithNullFieldPosition" time="0"/>
  <testcase classname="CompositeFormatBoundaryTest" name="testDateFormatBoundaryValues" time="0.002"/>
  <testcase classname="CompositeFormatBoundaryTest" name="testFormatWithNullObject" time="0.001"/>
  <testcase classname="CompositeFormatBoundaryTest" name="testFormatWithNullStringBuffer" time="0.002"/>
  <testcase classname="CompositeFormatBoundaryTest" name="testNumberFormatMinimumValue" time="0"/>
  <testcase classname="CompositeFormatBoundaryTest" name="testConstructorWithNullFormatter" time="0.002"/>
  <testcase classname="CompositeFormatBoundaryTest" name="testParsePositionBeyondStringEnd" time="0"/>
  <testcase classname="CompositeFormatBoundaryTest" name="testReformatValidBoundaryInput" time="0"/>
  <testcase classname="CompositeFormatBoundaryTest" name="testParseObjectWithNullParsePosition" time="0.001"/>
  <testcase classname="CompositeFormatBoundaryTest" name="testReformatWithEmptyString" time="0"/>
  <testcase classname="CompositeFormatBoundaryTest" name="testParseObjectWithEmptyString" time="0"/>
  <testcase classname="CompositeFormatBoundaryTest" name="testLeapYearBoundary" time="0.002"/>
  <testcase classname="CompositeFormatBoundaryTest" name="testFormatWithPrePopulatedStringBuffer" time="0"/>
  <testcase classname="CompositeFormatBoundaryTest" name="testFieldPositionWithNegativeField" time="0"/>
  <testcase classname="CompositeFormatBoundaryTest" name="testGetFormatterNotNull" time="0"/>
  <testcase classname="CompositeFormatBoundaryTest" name="testNumberFormatNegativeBoundary" time="0.002"/>
  <testcase classname="CompositeFormatBoundaryTest" name="testVeryLongString" time="0.002"/>
  <testcase classname="CompositeFormatBoundaryTest" name="testDateFormatMaximumYear" time="0.001"/>
  <testcase classname="CompositeFormatBoundaryTest" name="testReformatWithInvalidInput" time="0.002"/>
  <testcase classname="CompositeFormatBoundaryTest" name="testConstructorWithNullParser" time="0"/>
  <testcase classname="CompositeFormatBoundaryTest" name="testParsePositionNegative" time="0.001"/>
  <testcase classname="CompositeFormatBoundaryTest" name="testReformatWithNullInput" time="0"/>
  <testcase classname="CompositeFormatBoundaryTest" name="testFieldPositionWithLargeField" time="0"/>
  <testcase classname="CompositeFormatBoundaryTest" name="testConstructorWithBothNull" time="0"/>
  <testcase classname="CompositeFormatBoundaryTest" name="testUnicodeCharacters" time="0"/>
  <testcase classname="CompositeFormatBoundaryTest" name="testParseObjectWithNullSource" time="0"/>
  <testcase classname="CompositeFormatBoundaryTest" name="testGetParserNotNull" time="0"/>
  <testcase classname="CompositeFormatBoundaryTest" name="testSingleCharacterString" time="0.002"/>
</testsuite>