<?xml version="1.0" encoding="UTF-8" ?>
<testsuite tests="6" failures="0" name="org.apache.commons.lang3.CharEncodingTest" time="0.011" errors="3" skipped="0">
  <properties>
[...]
</properties>
  <testcase classname="org.apache.commons.lang3.CharEncodingTest" name="testMustBeSupportedJava1_3_1" time="0">
    <error message="Cannot invoke &quot;org.apache.commons.lang3.JavaVersion.atLeast(org.apache.commons.lang3.JavaVersion)&quot; because &quot;org.apache.commons.lang3.SystemUtils.JAVA_SPECIFICATION_VERSION_AS_ENUM&quot; is null" type="java.lang.NullPointerException">java.lang.NullPointerException: Cannot invoke &quot;org.apache.commons.lang3.JavaVersion.atLeast(org.apache.commons.lang3.JavaVersion)&quot; because &quot;org.apache.commons.lang3.SystemUtils.JAVA_SPECIFICATION_VERSION_AS_ENUM&quot; is null
	at org.apache.commons.lang3.SystemUtils.isJavaVersionAtLeast(SystemUtils.java:1388)
	at org.apache.commons.lang3.CharEncodingTest.testMustBeSupportedJava1_3_1(CharEncodingTest.java:50)
</error>
  </testcase>
  <testcase classname="org.apache.commons.lang3.CharEncodingTest" name="testSupported" time="0"/>
  <testcase classname="org.apache.commons.lang3.CharEncodingTest" name="testNotSupported" time="0.01"/>
  <testcase classname="org.apache.commons.lang3.CharEncodingTest" name="testWorksOnJava1_1_8" time="0.001">
    <error message="Cannot invoke &quot;org.apache.commons.lang3.JavaVersion.atLeast(org.apache.commons.lang3.JavaVersion)&quot; because &quot;org.apache.commons.lang3.SystemUtils.JAVA_SPECIFICATION_VERSION_AS_ENUM&quot; is null" type="java.lang.NullPointerException">java.lang.NullPointerException: Cannot invoke &quot;org.apache.commons.lang3.JavaVersion.atLeast(org.apache.commons.lang3.JavaVersion)&quot; because &quot;org.apache.commons.lang3.SystemUtils.JAVA_SPECIFICATION_VERSION_AS_ENUM&quot; is null
	at org.apache.commons.lang3.SystemUtils.isJavaVersionAtLeast(SystemUtils.java:1388)
	at org.apache.commons.lang3.CharEncodingTest.testWorksOnJava1_1_8(CharEncodingTest.java:85)
</error>
  </testcase>
  <testcase classname="org.apache.commons.lang3.CharEncodingTest" name="testWorksOnJava1_2_2" time="0">
    <error message="Cannot invoke &quot;org.apache.commons.lang3.JavaVersion.atLeast(org.apache.commons.lang3.JavaVersion)&quot; because &quot;org.apache.commons.lang3.SystemUtils.JAVA_SPECIFICATION_VERSION_AS_ENUM&quot; is null" type="java.lang.NullPointerException">java.lang.NullPointerException: Cannot invoke &quot;org.apache.commons.lang3.JavaVersion.atLeast(org.apache.commons.lang3.JavaVersion)&quot; because &quot;org.apache.commons.lang3.SystemUtils.JAVA_SPECIFICATION_VERSION_AS_ENUM&quot; is null
	at org.apache.commons.lang3.SystemUtils.isJavaVersionAtLeast(SystemUtils.java:1388)
	at org.apache.commons.lang3.CharEncodingTest.testWorksOnJava1_2_2(CharEncodingTest.java:100)
</error>
  </testcase>
  <testcase classname="org.apache.commons.lang3.CharEncodingTest" name="testConstructor" time="0"/>
</testsuite>