<?xml version="1.0" encoding="UTF-8"?>
<testsuite xmlns:xsi="http://www.w3.org/2001/XMLSchema-instance" xsi:noNamespaceSchemaLocation="https://maven.apache.org/surefire/maven-surefire-plugin/xsd/surefire-test-report.xsd" name="org.apache.commons.lang3.builder.ToStringBuilderTest" time="0.035" tests="74" errors="0" skipped="0" failures="31">
  <properties>
[...]
</properties>
  <testcase name="test_setUpToClass_valid" classname="org.apache.commons.lang3.builder.ToStringBuilderTest" time="0.001">
    <failure message="Multiple Failures (2 failures)&#10;	java.lang.reflect.InaccessibleObjectException: Unable to make field static final char[] java.lang.Integer.digits accessible: module java.base does not &quot;opens java.lang&quot; to unnamed module @61f8bee4&#10;	java.lang.AssertionError: Expected null, actual: {5=null} expected null, but was:&lt;{5=null}&gt;" type="org.opentest4j.MultipleFailuresError"><![CDATA[org.opentest4j.MultipleFailuresError: 
Multiple Failures (2 failures)
	java.lang.reflect.InaccessibleObjectException: Unable to make field static final char[] java.lang.Integer.digits accessible: module java.base does not "opens java.lang" to unnamed module @61f8bee4
	java.lang.AssertionError: Expected null, actual: {5=null} expected null, but was:<{5=null}>
]]></failure>
  </testcase>
  <testcase name="testCharArray" classname="org.apache.commons.lang3.builder.ToStringBuilderTest" time="0"/>
  <testcase name="testReflectionHierarchyArrayList" classname="org.apache.commons.lang3.builder.ToStringBuilderTest" time="0"/>
  <testcase name="testReflectionNull" classname="org.apache.commons.lang3.builder.ToStringBuilderTest" time="0"/>
  <testcase name="testDoubleArrayArray" classname="org.apache.commons.lang3.builder.ToStringBuilderTest" time="0"/>
  <testcase name="testReflectionBoolean" classname="org.apache.commons.lang3.builder.ToStringBuilderTest" time="0">
    <failure message="Multiple Failures (2 failures)&#10;	java.lang.reflect.InaccessibleObjectException: Unable to make field private final boolean java.lang.Boolean.value accessible: module java.base does not &quot;opens java.lang&quot; to unnamed module @61f8bee4&#10;	java.lang.AssertionError: Expected null, actual: {true=null} expected null, but was:&lt;{true=null}&gt;" type="org.opentest4j.MultipleFailuresError"><![CDATA[org.opentest4j.MultipleFailuresError: 
Multiple Failures (2 failures)
	java.lang.reflect.InaccessibleObjectException: Unable to make field private final boolean java.lang.Boolean.value accessible: module java.base does not "opens java.lang" to unnamed module @61f8bee4
	java.lang.AssertionError: Expected null, actual: {true=null} expected null, but was:<{true=null}>
]]></failure>
  </testcase>
  <testcase name="testObjectArray" classname="org.apache.commons.lang3.builder.ToStringBuilderTest" time="0">
    <failure message="Expected null, actual: {true=null} expected null, but was:&lt;{true=null}&gt;" type="java.lang.AssertionError"><![CDATA[java.lang.AssertionError: Expected null, actual: {true=null} expected null, but was:<{true=null}>
	at org.apache.commons.lang3.builder.ToStringBuilderTest.validateNullToStringStyleRegistry(ToStringBuilderTest.java:609)
	at org.apache.commons.lang3.builder.ToStringBuilderTest.after(ToStringBuilderTest.java:46)
]]></failure>
  </testcase>
  <testcase name="testObjectBuild" classname="org.apache.commons.lang3.builder.ToStringBuilderTest" time="0">
    <failure message="Expected null, actual: {true=null} expected null, but was:&lt;{true=null}&gt;" type="java.lang.AssertionError"><![CDATA[java.lang.AssertionError: Expected null, actual: {true=null} expected null, but was:<{true=null}>
	at org.apache.commons.lang3.builder.ToStringBuilderTest.validateNullToStringStyleRegistry(ToStringBuilderTest.java:609)
	at org.apache.commons.lang3.builder.ToStringBuilderTest.after(ToStringBuilderTest.java:46)
]]></failure>
  </testcase>
  <testcase name="testObjectCycle" classname="org.apache.commons.lang3.builder.ToStringBuilderTest" time="0">
    <failure message="Expected null, actual: {true=null} expected null, but was:&lt;{true=null}&gt;" type="java.lang.AssertionError"><![CDATA[java.lang.AssertionError: Expected null, actual: {true=null} expected null, but was:<{true=null}>
	at org.apache.commons.lang3.builder.ToStringBuilderTest.validateNullToStringStyleRegistry(ToStringBuilderTest.java:609)
	at org.apache.commons.lang3.builder.ToStringBuilderTest.after(ToStringBuilderTest.java:46)
]]></failure>
  </testcase>
  <testcase name="testReflectionHierarchy" classname="org.apache.commons.lang3.builder.ToStringBuilderTest" time="0">
    <failure message="Expected null, actual: {true=null} expected null, but was:&lt;{true=null}&gt;" type="java.lang.AssertionError"><![CDATA[java.lang.AssertionError: Expected null, actual: {true=null} expected null, but was:<{true=null}>
	at org.apache.commons.lang3.builder.ToStringBuilderTest.validateNullToStringStyleRegistry(ToStringBuilderTest.java:609)
	at org.apache.commons.lang3.builder.ToStringBuilderTest.after(ToStringBuilderTest.java:46)
]]></failure>
  </testcase>
  <testcase name="testSelfInstanceTwoVarsReflectionObjectCycle" classname="org.apache.commons.lang3.builder.ToStringBuilderTest" time="0">
    <failure message="Expected null, actual: {true=null} expected null, but was:&lt;{true=null}&gt;" type="java.lang.AssertionError"><![CDATA[java.lang.AssertionError: Expected null, actual: {true=null} expected null, but was:<{true=null}>
	at org.apache.commons.lang3.builder.ToStringBuilderTest.validateNullToStringStyleRegistry(ToStringBuilderTest.java:609)
	at org.apache.commons.lang3.builder.ToStringBuilderTest.after(ToStringBuilderTest.java:46)
]]></failure>
  </testcase>
  <testcase name="testAppendToStringUsingMultiLineStyle" classname="org.apache.commons.lang3.builder.ToStringBuilderTest" time="0">
    <failure message="Expected null, actual: {true=null} expected null, but was:&lt;{true=null}&gt;" type="java.lang.AssertionError"><![CDATA[java.lang.AssertionError: Expected null, actual: {true=null} expected null, but was:<{true=null}>
	at org.apache.commons.lang3.builder.ToStringBuilderTest.validateNullToStringStyleRegistry(ToStringBuilderTest.java:609)
	at org.apache.commons.lang3.builder.ToStringBuilderTest.after(ToStringBuilderTest.java:46)
]]></failure>
  </testcase>
  <testcase name="testShortArrayArray" classname="org.apache.commons.lang3.builder.ToStringBuilderTest" time="0">
    <failure message="Expected null, actual: {true=null} expected null, but was:&lt;{true=null}&gt;" type="java.lang.AssertionError"><![CDATA[java.lang.AssertionError: Expected null, actual: {true=null} expected null, but was:<{true=null}>
	at org.apache.commons.lang3.builder.ToStringBuilderTest.validateNullToStringStyleRegistry(ToStringBuilderTest.java:609)
	at org.apache.commons.lang3.builder.ToStringBuilderTest.after(ToStringBuilderTest.java:46)
]]></failure>
  </testcase>
  <testcase name="testBooleanArrayArray" classname="org.apache.commons.lang3.builder.ToStringBuilderTest" time="0">
    <failure message="Expected null, actual: {true=null} expected null, but was:&lt;{true=null}&gt;" type="java.lang.AssertionError"><![CDATA[java.lang.AssertionError: Expected null, actual: {true=null} expected null, but was:<{true=null}>
	at org.apache.commons.lang3.builder.ToStringBuilderTest.validateNullToStringStyleRegistry(ToStringBuilderTest.java:609)
	at org.apache.commons.lang3.builder.ToStringBuilderTest.after(ToStringBuilderTest.java:46)
]]></failure>
  </testcase>
  <testcase name="testFloatArray" classname="org.apache.commons.lang3.builder.ToStringBuilderTest" time="0">
    <failure message="Expected null, actual: {true=null} expected null, but was:&lt;{true=null}&gt;" type="java.lang.AssertionError"><![CDATA[java.lang.AssertionError: Expected null, actual: {true=null} expected null, but was:<{true=null}>
	at org.apache.commons.lang3.builder.ToStringBuilderTest.validateNullToStringStyleRegistry(ToStringBuilderTest.java:609)
	at org.apache.commons.lang3.builder.ToStringBuilderTest.after(ToStringBuilderTest.java:46)
]]></failure>
  </testcase>
  <testcase name="testInt" classname="org.apache.commons.lang3.builder.ToStringBuilderTest" time="0">
    <failure message="Expected null, actual: {true=null} expected null, but was:&lt;{true=null}&gt;" type="java.lang.AssertionError"><![CDATA[java.lang.AssertionError: Expected null, actual: {true=null} expected null, but was:<{true=null}>
	at org.apache.commons.lang3.builder.ToStringBuilderTest.validateNullToStringStyleRegistry(ToStringBuilderTest.java:609)
	at org.apache.commons.lang3.builder.ToStringBuilderTest.after(ToStringBuilderTest.java:46)
]]></failure>
  </testcase>
  <testcase name="testByteArray" classname="org.apache.commons.lang3.builder.ToStringBuilderTest" time="0">
    <failure message="Expected null, actual: {true=null} expected null, but was:&lt;{true=null}&gt;" type="java.lang.AssertionError"><![CDATA[java.lang.AssertionError: Expected null, actual: {true=null} expected null, but was:<{true=null}>
	at org.apache.commons.lang3.builder.ToStringBuilderTest.validateNullToStringStyleRegistry(ToStringBuilderTest.java:609)
	at org.apache.commons.lang3.builder.ToStringBuilderTest.after(ToStringBuilderTest.java:46)
]]></failure>
  </testcase>
  <testcase name="testReflectionArrayCycle" classname="org.apache.commons.lang3.builder.ToStringBuilderTest" time="0">
    <failure message="Expected null, actual: {true=null} expected null, but was:&lt;{true=null}&gt;" type="java.lang.AssertionError"><![CDATA[java.lang.AssertionError: Expected null, actual: {true=null} expected null, but was:<{true=null}>
	at org.apache.commons.lang3.builder.ToStringBuilderTest.validateNullToStringStyleRegistry(ToStringBuilderTest.java:609)
	at org.apache.commons.lang3.builder.ToStringBuilderTest.after(ToStringBuilderTest.java:46)
]]></failure>
  </testcase>
  <testcase name="testReflectionLongArrayArray" classname="org.apache.commons.lang3.builder.ToStringBuilderTest" time="0">
    <failure message="Expected null, actual: {true=null} expected null, but was:&lt;{true=null}&gt;" type="java.lang.AssertionError"><![CDATA[java.lang.AssertionError: Expected null, actual: {true=null} expected null, but was:<{true=null}>
	at org.apache.commons.lang3.builder.ToStringBuilderTest.validateNullToStringStyleRegistry(ToStringBuilderTest.java:609)
	at org.apache.commons.lang3.builder.ToStringBuilderTest.after(ToStringBuilderTest.java:46)
]]></failure>
  </testcase>
  <testcase name="testBlank" classname="org.apache.commons.lang3.builder.ToStringBuilderTest" time="0">
    <failure message="Expected null, actual: {true=null} expected null, but was:&lt;{true=null}&gt;" type="java.lang.AssertionError"><![CDATA[java.lang.AssertionError: Expected null, actual: {true=null} expected null, but was:<{true=null}>
	at org.apache.commons.lang3.builder.ToStringBuilderTest.validateNullToStringStyleRegistry(ToStringBuilderTest.java:609)
	at org.apache.commons.lang3.builder.ToStringBuilderTest.after(ToStringBuilderTest.java:46)
]]></failure>
  </testcase>
  <testcase name="testFloat" classname="org.apache.commons.lang3.builder.ToStringBuilderTest" time="0">
    <failure message="Expected null, actual: {true=null} expected null, but was:&lt;{true=null}&gt;" type="java.lang.AssertionError"><![CDATA[java.lang.AssertionError: Expected null, actual: {true=null} expected null, but was:<{true=null}>
	at org.apache.commons.lang3.builder.ToStringBuilderTest.validateNullToStringStyleRegistry(ToStringBuilderTest.java:609)
	at org.apache.commons.lang3.builder.ToStringBuilderTest.after(ToStringBuilderTest.java:46)
]]></failure>
  </testcase>
  <testcase name="testShort" classname="org.apache.commons.lang3.builder.ToStringBuilderTest" time="0.001">
    <failure message="Expected null, actual: {true=null} expected null, but was:&lt;{true=null}&gt;" type="java.lang.AssertionError"><![CDATA[java.lang.AssertionError: Expected null, actual: {true=null} expected null, but was:<{true=null}>
	at org.apache.commons.lang3.builder.ToStringBuilderTest.validateNullToStringStyleRegistry(ToStringBuilderTest.java:609)
	at org.apache.commons.lang3.builder.ToStringBuilderTest.after(ToStringBuilderTest.java:46)
]]></failure>
  </testcase>
  <testcase name="testReflectionArrayArrayCycle" classname="org.apache.commons.lang3.builder.ToStringBuilderTest" time="0">
    <failure message="Expected null, actual: {true=null} expected null, but was:&lt;{true=null}&gt;" type="java.lang.AssertionError"><![CDATA[java.lang.AssertionError: Expected null, actual: {true=null} expected null, but was:<{true=null}>
	at org.apache.commons.lang3.builder.ToStringBuilderTest.validateNullToStringStyleRegistry(ToStringBuilderTest.java:609)
	at org.apache.commons.lang3.builder.ToStringBuilderTest.after(ToStringBuilderTest.java:46)
]]></failure>
  </testcase>
  <testcase name="testByte" classname="org.apache.commons.lang3.builder.ToStringBuilderTest" time="0.001">
    <failure message="Expected null, actual: {true=null} expected null, but was:&lt;{true=null}&gt;" type="java.lang.AssertionError"><![CDATA[java.lang.AssertionError: Expected null, actual: {true=null} expected null, but was:<{true=null}>
	at org.apache.commons.lang3.builder.ToStringBuilderTest.validateNullToStringStyleRegistry(ToStringBuilderTest.java:609)
	at org.apache.commons.lang3.builder.ToStringBuilderTest.after(ToStringBuilderTest.java:46)
]]></failure>
  </testcase>
  <testcase name="testChar" classname="org.apache.commons.lang3.builder.ToStringBuilderTest" time="0">
    <failure message="Expected null, actual: {true=null} expected null, but was:&lt;{true=null}&gt;" type="java.lang.AssertionError"><![CDATA[java.lang.AssertionError: Expected null, actual: {true=null} expected null, but was:<{true=null}>
	at org.apache.commons.lang3.builder.ToStringBuilderTest.validateNullToStringStyleRegistry(ToStringBuilderTest.java:609)
	at org.apache.commons.lang3.builder.ToStringBuilderTest.after(ToStringBuilderTest.java:46)
]]></failure>
  </testcase>
  <testcase name="testLong" classname="org.apache.commons.lang3.builder.ToStringBuilderTest" time="0.001">
    <failure message="Expected null, actual: {true=null} expected null, but was:&lt;{true=null}&gt;" type="java.lang.AssertionError"><![CDATA[java.lang.AssertionError: Expected null, actual: {true=null} expected null, but was:<{true=null}>
	at org.apache.commons.lang3.builder.ToStringBuilderTest.validateNullToStringStyleRegistry(ToStringBuilderTest.java:609)
	at org.apache.commons.lang3.builder.ToStringBuilderTest.after(ToStringBuilderTest.java:46)
]]></failure>
  </testcase>
  <testcase name="testReflectionFloatArray" classname="org.apache.commons.lang3.builder.ToStringBuilderTest" time="0.001">
    <failure message="Expected null, actual: {true=null} expected null, but was:&lt;{true=null}&gt;" type="java.lang.AssertionError"><![CDATA[java.lang.AssertionError: Expected null, actual: {true=null} expected null, but was:<{true=null}>
	at org.apache.commons.lang3.builder.ToStringBuilderTest.validateNullToStringStyleRegistry(ToStringBuilderTest.java:609)
	at org.apache.commons.lang3.builder.ToStringBuilderTest.after(ToStringBuilderTest.java:46)
]]></failure>
  </testcase>
  <testcase name="testLongArrayArray" classname="org.apache.commons.lang3.builder.ToStringBuilderTest" time="0">
    <failure message="Expected null, actual: {true=null} expected null, but was:&lt;{true=null}&gt;" type="java.lang.AssertionError"><![CDATA[java.lang.AssertionError: Expected null, actual: {true=null} expected null, but was:<{true=null}>
	at org.apache.commons.lang3.builder.ToStringBuilderTest.validateNullToStringStyleRegistry(ToStringBuilderTest.java:609)
	at org.apache.commons.lang3.builder.ToStringBuilderTest.after(ToStringBuilderTest.java:46)
]]></failure>
  </testcase>
  <testcase name="test_setUpToClass_invalid" classname="org.apache.commons.lang3.builder.ToStringBuilderTest" time="0.001">
    <failure message="Multiple Failures (2 failures)&#10;	java.lang.Exception: Unexpected exception, expected&lt;java.lang.IllegalArgumentException&gt; but was&lt;java.lang.reflect.InaccessibleObjectException&gt;&#10;	java.lang.AssertionError: Expected null, actual: {true=null, 5=null} expected null, but was:&lt;{true=null, 5=null}&gt;" type="org.opentest4j.MultipleFailuresError"><![CDATA[org.opentest4j.MultipleFailuresError: 
Multiple Failures (2 failures)
	java.lang.Exception: Unexpected exception, expected<java.lang.IllegalArgumentException> but was<java.lang.reflect.InaccessibleObjectException>
	java.lang.AssertionError: Expected null, actual: {true=null, 5=null} expected null, but was:<{true=null, 5=null}>
]]></failure>
  </testcase>
  <testcase name="testBoolean" classname="org.apache.commons.lang3.builder.ToStringBuilderTest" time="0">
    <failure message="Expected null, actual: {true=null} expected null, but was:&lt;{true=null}&gt;" type="java.lang.AssertionError"><![CDATA[java.lang.AssertionError: Expected null, actual: {true=null} expected null, but was:<{true=null}>
	at org.apache.commons.lang3.builder.ToStringBuilderTest.validateNullToStringStyleRegistry(ToStringBuilderTest.java:609)
	at org.apache.commons.lang3.builder.ToStringBuilderTest.after(ToStringBuilderTest.java:46)
]]></failure>
  </testcase>
  <testcase name="testReflectionDoubleArrayArray" classname="org.apache.commons.lang3.builder.ToStringBuilderTest" time="0.001">
    <failure message="Expected null, actual: {true=null} expected null, but was:&lt;{true=null}&gt;" type="java.lang.AssertionError"><![CDATA[java.lang.AssertionError: Expected null, actual: {true=null} expected null, but was:<{true=null}>
	at org.apache.commons.lang3.builder.ToStringBuilderTest.validateNullToStringStyleRegistry(ToStringBuilderTest.java:609)
	at org.apache.commons.lang3.builder.ToStringBuilderTest.after(ToStringBuilderTest.java:46)
]]></failure>
  </testcase>
  <testcase name="testReflectionBooleanArray" classname="org.apache.commons.lang3.builder.ToStringBuilderTest" time="0"/>
  <testcase name="testReflectionInteger" classname="org.apache.commons.lang3.builder.ToStringBuilderTest" time="0.002">
    <failure message="Multiple Failures (2 failures)&#10;	java.lang.reflect.InaccessibleObjectException: Unable to make field static final char[] java.lang.Integer.digits accessible: module java.base does not &quot;opens java.lang&quot; to unnamed module @61f8bee4&#10;	java.lang.AssertionError: Expected null, actual: {5=null} expected null, but was:&lt;{5=null}&gt;" type="org.opentest4j.MultipleFailuresError"><![CDATA[org.opentest4j.MultipleFailuresError: 
Multiple Failures (2 failures)
	java.lang.reflect.InaccessibleObjectException: Unable to make field static final char[] java.lang.Integer.digits accessible: module java.base does not "opens java.lang" to unnamed module @61f8bee4
	java.lang.AssertionError: Expected null, actual: {5=null} expected null, but was:<{5=null}>
]]></failure>
  </testcase>
  <testcase name="testBooleanArray" classname="org.apache.commons.lang3.builder.ToStringBuilderTest" time="0"/>
  <testcase name="testFloatArrayArray" classname="org.apache.commons.lang3.builder.ToStringBuilderTest" time="0"/>
  <testcase name="testReflectionyteArray" classname="org.apache.commons.lang3.builder.ToStringBuilderTest" time="0"/>
  <testcase name="testReflectionDoubleArray" classname="org.apache.commons.lang3.builder.ToStringBuilderTest" time="0.001"/>
  <testcase name="testReflectionIntArrayArray" classname="org.apache.commons.lang3.builder.ToStringBuilderTest" time="0"/>
  <testcase name="testSimpleReflectionStatics" classname="org.apache.commons.lang3.builder.ToStringBuilderTest" time="0.004"/>
  <testcase name="testReflectionStatics" classname="org.apache.commons.lang3.builder.ToStringBuilderTest" time="0.002"/>
  <testcase name="testReflectionLongArray" classname="org.apache.commons.lang3.builder.ToStringBuilderTest" time="0"/>
  <testcase name="testReflectionhortArrayArray" classname="org.apache.commons.lang3.builder.ToStringBuilderTest" time="0.001"/>
  <testcase name="testConstructorEx1" classname="org.apache.commons.lang3.builder.ToStringBuilderTest" time="0"/>
  <testcase name="testConstructorEx2" classname="org.apache.commons.lang3.builder.ToStringBuilderTest" time="0"/>
  <testcase name="testConstructorEx3" classname="org.apache.commons.lang3.builder.ToStringBuilderTest" time="0.001"/>
  <testcase name="testReflectionObjectArray" classname="org.apache.commons.lang3.builder.ToStringBuilderTest" time="0"/>
  <testcase name="testReflectionObjectCycle" classname="org.apache.commons.lang3.builder.ToStringBuilderTest" time="0.002"/>
  <testcase name="testReflectionBooleanArrayArray" classname="org.apache.commons.lang3.builder.ToStringBuilderTest" time="0"/>
  <testcase name="testLongArray" classname="org.apache.commons.lang3.builder.ToStringBuilderTest" time="0"/>
  <testcase name="testSimpleReflectionObjectCycle" classname="org.apache.commons.lang3.builder.ToStringBuilderTest" time="0.001"/>
  <testcase name="testShortArray" classname="org.apache.commons.lang3.builder.ToStringBuilderTest" time="0"/>
  <testcase name="testIntArrayArray" classname="org.apache.commons.lang3.builder.ToStringBuilderTest" time="0"/>
  <testcase name="testInheritedReflectionStatics" classname="org.apache.commons.lang3.builder.ToStringBuilderTest" time="0.001"/>
  <testcase name="testReflectionByteArrayArray" classname="org.apache.commons.lang3.builder.ToStringBuilderTest" time="0"/>
  <testcase name="testReflectionArrayCycleLevel2" classname="org.apache.commons.lang3.builder.ToStringBuilderTest" time="0.001"/>
  <testcase name="testAppendToString" classname="org.apache.commons.lang3.builder.ToStringBuilderTest" time="0"/>
  <testcase name="testReflectionArrayAndObjectCycle" classname="org.apache.commons.lang3.builder.ToStringBuilderTest" time="0"/>
  <testcase name="testSetDefaultEx" classname="org.apache.commons.lang3.builder.ToStringBuilderTest" time="0"/>
  <testcase name="testReflectionCharArrayArray" classname="org.apache.commons.lang3.builder.ToStringBuilderTest" time="0.001"/>
  <testcase name="testIntArray" classname="org.apache.commons.lang3.builder.ToStringBuilderTest" time="0"/>
  <testcase name="testDouble" classname="org.apache.commons.lang3.builder.ToStringBuilderTest" time="0"/>
  <testcase name="testByteArrayArray" classname="org.apache.commons.lang3.builder.ToStringBuilderTest" time="0.001"/>
  <testcase name="testReflectionShortArray" classname="org.apache.commons.lang3.builder.ToStringBuilderTest" time="0"/>
  <testcase name="testCharArrayArray" classname="org.apache.commons.lang3.builder.ToStringBuilderTest" time="0"/>
  <testcase name="testSelfInstanceVarReflectionObjectCycle" classname="org.apache.commons.lang3.builder.ToStringBuilderTest" time="0.001"/>
  <testcase name="testObject" classname="org.apache.commons.lang3.builder.ToStringBuilderTest" time="0"/>
  <testcase name="testAppendSuper" classname="org.apache.commons.lang3.builder.ToStringBuilderTest" time="0"/>
  <testcase name="testReflectionIntArray" classname="org.apache.commons.lang3.builder.ToStringBuilderTest" time="0"/>
  <testcase name="testReflectionCharArray" classname="org.apache.commons.lang3.builder.ToStringBuilderTest" time="0"/>
  <testcase name="testGetSetDefault" classname="org.apache.commons.lang3.builder.ToStringBuilderTest" time="0"/>
  <testcase name="testInnerClassReflection" classname="org.apache.commons.lang3.builder.ToStringBuilderTest" time="0.003"/>
  <testcase name="testReflectionCharacter" classname="org.apache.commons.lang3.builder.ToStringBuilderTest" time="0.001">
    <failure message="Multiple Failures (2 failures)&#10;	java.lang.reflect.InaccessibleObjectException: Unable to make field static final int java.lang.Character.ERROR accessible: module java.base does not &quot;opens java.lang&quot; to unnamed module @61f8bee4&#10;	java.lang.AssertionError: Expected null, actual: {A=null} expected null, but was:&lt;{A=null}&gt;" type="org.opentest4j.MultipleFailuresError"><![CDATA[org.opentest4j.MultipleFailuresError: 
Multiple Failures (2 failures)
	java.lang.reflect.InaccessibleObjectException: Unable to make field static final int java.lang.Character.ERROR accessible: module java.base does not "opens java.lang" to unnamed module @61f8bee4
	java.lang.AssertionError: Expected null, actual: {A=null} expected null, but was:<{A=null}>
]]></failure>
  </testcase>
  <testcase name="testDoubleArray" classname="org.apache.commons.lang3.builder.ToStringBuilderTest" time="0.001">
    <failure message="Expected null, actual: {A=null} expected null, but was:&lt;{A=null}&gt;" type="java.lang.AssertionError"><![CDATA[java.lang.AssertionError: Expected null, actual: {A=null} expected null, but was:<{A=null}>
	at org.apache.commons.lang3.builder.ToStringBuilderTest.validateNullToStringStyleRegistry(ToStringBuilderTest.java:609)
	at org.apache.commons.lang3.builder.ToStringBuilderTest.after(ToStringBuilderTest.java:46)
]]></failure>
  </testcase>
  <testcase name="testReflectionFloatArrayArray" classname="org.apache.commons.lang3.builder.ToStringBuilderTest" time="0.002">
    <failure message="Expected null, actual: {A=null} expected null, but was:&lt;{A=null}&gt;" type="java.lang.AssertionError"><![CDATA[java.lang.AssertionError: Expected null, actual: {A=null} expected null, but was:<{A=null}>
	at org.apache.commons.lang3.builder.ToStringBuilderTest.validateNullToStringStyleRegistry(ToStringBuilderTest.java:609)
	at org.apache.commons.lang3.builder.ToStringBuilderTest.after(ToStringBuilderTest.java:46)
]]></failure>
  </testcase>
</testsuite>